qs_1_0/src/priority_queue.cc:138:22: warning: code should be clang-formatted [-Wclang-format-violations]
    safe_lock.lock();
                     ^
qs_1_0/src/priority_queue.cc:140:37: warning: code should be clang-formatted [-Wclang-format-violations]
    out->verbose(CALL_INFO, INFO, 0,"Received a packet size request from scheduler_dwrr\n");
                                    ^
qs_1_0/src/priority_queue.cc:140:93: warning: code should be clang-formatted [-Wclang-format-violations]
    out->verbose(CALL_INFO, INFO, 0,"Received a packet size request from scheduler_dwrr\n");
                                                                                            ^
qs_1_0/src/priority_queue.cc:142:42: warning: code should be clang-formatted [-Wclang-format-violations]
    PacketEvent* pkt = pkt_queue.front();
                                         ^
qs_1_0/src/priority_queue.cc:144:24: warning: code should be clang-formatted [-Wclang-format-violations]
    safe_lock.unlock();
                       ^
qs_1_0/src/priority_queue.cc:150:24: warning: code should be clang-formatted [-Wclang-format-violations]
        pkt->pkt_size);
                       ^

qs_1_0/src/drop_receiver.cc:64:22: warning: code should be clang-formatted [-Wclang-format-violations]
        out->verbose(CALL_INFO, INFO, 0, "Received a dropped packet with pkt_id = %u and priority = %d\n", pkt->pkt_id, pkt->priority);
                     ^
qs_1_0/src/drop_receiver.cc:64:120: warning: code should be clang-formatted [-Wclang-format-violations]
        out->verbose(CALL_INFO, INFO, 0, "Received a dropped packet with pkt_id = %u and priority = %d\n", pkt->pkt_id, pkt->priority);
                                                                                                                       ^
qs_1_0/src/drop_receiver.cc:72:26: warning: code should be clang-formatted [-Wclang-format-violations]
            out->verbose(CALL_INFO, INFO, 0, "Dropped TCP packet: pkt_id = %u, flag = %d, src_port = %d, dest_port = %d, ack = %d, seq = %d\n", tcp_pkt->pkt_id, tcp_pkt->flags, tcp_pkt->src_port, tcp_pkt->dest_tcp_port, tcp_pkt->ack_number, tcp_pkt->seq_number);
                         ^
qs_1_0/src/drop_receiver.cc:72:45: warning: code should be clang-formatted [-Wclang-format-violations]
            out->verbose(CALL_INFO, INFO, 0, "Dropped TCP packet: pkt_id = %u, flag = %d, src_port = %d, dest_port = %d, ack = %d, seq = %d\n", tcp_pkt->pkt_id, tcp_pkt->flags, tcp_pkt->src_port, tcp_pkt->dest_tcp_port, tcp_pkt->ack_number, tcp_pkt->seq_number);
                                            ^
qs_1_0/src/drop_receiver.cc:72:144: warning: code should be clang-formatted [-Wclang-format-violations]
            out->verbose(CALL_INFO, INFO, 0, "Dropped TCP packet: pkt_id = %u, flag = %d, src_port = %d, dest_port = %d, ack = %d, seq = %d\n", tcp_pkt->pkt_id, tcp_pkt->flags, tcp_pkt->src_port, tcp_pkt->dest_tcp_port, tcp_pkt->ack_number, tcp_pkt->seq_number);
                                                                                                                                               ^
qs_1_0/src/drop_receiver.cc:72:241: warning: code should be clang-formatted [-Wclang-format-violations]
            out->verbose(CALL_INFO, INFO, 0, "Dropped TCP packet: pkt_id = %u, flag = %d, src_port = %d, dest_port = %d, ack = %d, seq = %d\n", tcp_pkt->pkt_id, tcp_pkt->flags, tcp_pkt->src_port, tcp_pkt->dest_tcp_port, tcp_pkt->ack_number, tcp_pkt->seq_number);
                                                                                                                                                                                                                                                ^

qs_1_0/src/lookup_table.cc:88:29: warning: code should be clang-formatted [-Wclang-format-violations]
            assert(element);
                            ^
qs_1_0/src/lookup_table.cc:122:55: warning: code should be clang-formatted [-Wclang-format-violations]
                assert(pq_elements[pq_index.index_i]);
                                                      ^
qs_1_0/src/lookup_table.cc:204:112: warning: code should be clang-formatted [-Wclang-format-violations]
            CALL_INFO, DEBUG, 0, "Received LookUp request: type: %d, index: %d, bias: %d, addr: 0x%0X\n", type, element_index,
                                                                                                               ^
qs_1_0/src/lookup_table.cc:204:127: warning: code should be clang-formatted [-Wclang-format-violations]
            CALL_INFO, DEBUG, 0, "Received LookUp request: type: %d, index: %d, bias: %d, addr: 0x%0X\n", type, element_index,
                                                                                                                              ^

qs_1_0/src/scheduler_dwrr.cc:175:26: warning: code should be clang-formatted [-Wclang-format-violations]
            out->verbose(CALL_INFO, DEBUG, 0, "Queue_%d will need %d cycles to reach a non-negative credit\n", k, k_cycle);
                         ^
qs_1_0/src/scheduler_dwrr.cc:235:26: warning: code should be clang-formatted [-Wclang-format-violations]
            out->verbose(CALL_INFO, INFO, 0, "Packet with priority %d sent to the egress port after credit calculation\n", index);
                         ^
qs_1_0/src/scheduler_dwrr.cc:235:123: warning: code should be clang-formatted [-Wclang-format-violations]
            out->verbose(CALL_INFO, INFO, 0, "Packet with priority %d sent to the egress port after credit calculation\n", index);
                                                                                                                          ^
qs_1_0/src/scheduler_dwrr.cc:263:44: warning: code should be clang-formatted [-Wclang-format-violations]
        activity[pkt->priority] = INACTIVE;
                                           ^
qs_1_0/src/scheduler_dwrr.cc:267:115: warning: code should be clang-formatted [-Wclang-format-violations]
            CALL_INFO, INFO, 0, "Sending pkt with pkt_id = %u to egress_port[%d]\n", pkt->pkt_id, pkt->dest_port);
                                                                                                                  ^
qs_1_0/src/scheduler_dwrr.cc:271:114: warning: code should be clang-formatted [-Wclang-format-violations]
        out->verbose(CALL_INFO, INFO, 0, "Sending a clone pkt with pkt_id = %u to bytes_tracker\n", pkt->pkt_id);
                                                                                                                 ^
qs_1_0/src/scheduler_dwrr.cc:293:32: warning: code should be clang-formatted [-Wclang-format-violations]
            CALL_INFO, INFO, 0,
                               ^
qs_1_0/src/scheduler_dwrr.cc:332:30: warning: code should be clang-formatted [-Wclang-format-violations]
                out->verbose(CALL_INFO, INFO, 0,"Requesting packet size from priority_queue_%d since it has packets and is currently inactive and has non-negative credits\n", i);
                             ^
qs_1_0/src/scheduler_dwrr.cc:332:49: warning: code should be clang-formatted [-Wclang-format-violations]
                out->verbose(CALL_INFO, INFO, 0,"Requesting packet size from priority_queue_%d since it has packets and is currently inactive and has non-negative credits\n", i);
                                                ^
qs_1_0/src/scheduler_dwrr.cc:332:147: warning: code should be clang-formatted [-Wclang-format-violations]
                out->verbose(CALL_INFO, INFO, 0,"Requesting packet size from priority_queue_%d since it has packets and is currently inactive and has non-negative credits\n", i);
                                                                                                                                                  ^
qs_1_0/src/scheduler_dwrr.cc:332:175: warning: code should be clang-formatted [-Wclang-format-violations]
                out->verbose(CALL_INFO, INFO, 0,"Requesting packet size from priority_queue_%d since it has packets and is currently inactive and has non-negative credits\n", i);
                                                                                                                                                                              ^

qs_1_0/src/host_egress_port.cc:131:88: warning: code should be clang-formatted [-Wclang-format-violations]
    out->verbose(CALL_INFO, INFO, 0, "Sending packet out, pkt_id = %u\n", pkt->pkt_id);
                                                                                       ^
qs_1_0/src/host_egress_port.cc:134:96: warning: code should be clang-formatted [-Wclang-format-violations]
    out->verbose(CALL_INFO, INFO, 0, "Sending packet to finisher, pkt_id = %u\n", pkt->pkt_id);
                                                                                               ^
qs_1_0/src/host_egress_port.cc:163:26: warning: code should be clang-formatted [-Wclang-format-violations]
            out->verbose(CALL_INFO, INFO, 0, "Packet scheduled on timing link. Packet id: %u, size: %dB, destination node: %d, destination port: %d, priority: %d, delay: %llu ps.\n", pkt->pkt_id, pkt->pkt_size, pkt->dest_node, pkt->dest_port, pkt->priority, send_delay);
                         ^
qs_1_0/src/host_egress_port.cc:163:45: warning: code should be clang-formatted [-Wclang-format-violations]
            out->verbose(CALL_INFO, INFO, 0, "Packet scheduled on timing link. Packet id: %u, size: %dB, destination node: %d, destination port: %d, priority: %d, delay: %llu ps.\n", pkt->pkt_id, pkt->pkt_size, pkt->dest_node, pkt->dest_port, pkt->priority, send_delay);
                                            ^
qs_1_0/src/host_egress_port.cc:163:146: warning: code should be clang-formatted [-Wclang-format-violations]
            out->verbose(CALL_INFO, INFO, 0, "Packet scheduled on timing link. Packet id: %u, size: %dB, destination node: %d, destination port: %d, priority: %d, delay: %llu ps.\n", pkt->pkt_id, pkt->pkt_size, pkt->dest_node, pkt->dest_port, pkt->priority, send_delay);
                                                                                                                                                 ^
qs_1_0/src/host_egress_port.cc:163:183: warning: code should be clang-formatted [-Wclang-format-violations]
            out->verbose(CALL_INFO, INFO, 0, "Packet scheduled on timing link. Packet id: %u, size: %dB, destination node: %d, destination port: %d, priority: %d, delay: %llu ps.\n", pkt->pkt_id, pkt->pkt_size, pkt->dest_node, pkt->dest_port, pkt->priority, send_delay);
                                                                                                                                                                                      ^

qs_1_0/src/accounting_element.cc:124:43: warning: code should be clang-formatted [-Wclang-format-violations]
            if ( lists->isPopulated(i) ) {             
                                          ^
qs_1_0/src/accounting_element.cc:125:30: warning: code should be clang-formatted [-Wclang-format-violations]
                out->verbose(CALL_INFO, MODERATE, 0, "Creating a subcomponent, element_connector, to communicate %s with pq_%d\n", getName().c_str(), i);
                             ^
qs_1_0/src/accounting_element.cc:125:53: warning: code should be clang-formatted [-Wclang-format-violations]
                out->verbose(CALL_INFO, MODERATE, 0, "Creating a subcomponent, element_connector, to communicate %s with pq_%d\n", getName().c_str(), i);
                                                    ^
qs_1_0/src/accounting_element.cc:155:22: warning: code should be clang-formatted [-Wclang-format-violations]
        out->verbose(CALL_INFO, DEBUG, 0, "Receiving parent utilization through parent_utilization link, parent utilization: %u, element index = %d\n", parents_utilization, util->element_index);
                     ^
qs_1_0/src/accounting_element.cc:155:42: warning: code should be clang-formatted [-Wclang-format-violations]
        out->verbose(CALL_INFO, DEBUG, 0, "Receiving parent utilization through parent_utilization link, parent utilization: %u, element index = %d\n", parents_utilization, util->element_index);
                                         ^
qs_1_0/src/accounting_element.cc:155:146: warning: code should be clang-formatted [-Wclang-format-violations]
        out->verbose(CALL_INFO, DEBUG, 0, "Receiving parent utilization through parent_utilization link, parent utilization: %u, element index = %d\n", parents_utilization, util->element_index);
                                                                                                                                                 ^
qs_1_0/src/accounting_element.cc:155:152: warning: code should be clang-formatted [-Wclang-format-violations]
        out->verbose(CALL_INFO, DEBUG, 0, "Receiving parent utilization through parent_utilization link, parent utilization: %u, element index = %d\n", parents_utilization, util->element_index);
                                                                                                                                                       ^
qs_1_0/src/accounting_element.cc:178:26: warning: code should be clang-formatted [-Wclang-format-violations]
    if ( bytes_update ) {
                         ^
qs_1_0/src/accounting_element.cc:180:22: warning: code should be clang-formatted [-Wclang-format-violations]
        out->verbose(CALL_INFO, DEBUG, 0, "Receiving current bytes in use through bytes_tracker link: %dB\n", bytes_update->bytes_in_use);
                     ^
qs_1_0/src/accounting_element.cc:180:110: warning: code should be clang-formatted [-Wclang-format-violations]
        out->verbose(CALL_INFO, DEBUG, 0, "Receiving current bytes in use through bytes_tracker link: %dB\n", bytes_update->bytes_in_use);
                                                                                                             ^
qs_1_0/src/accounting_element.cc:180:139: warning: code should be clang-formatted [-Wclang-format-violations]
        out->verbose(CALL_INFO, DEBUG, 0, "Receiving current bytes in use through bytes_tracker link: %dB\n", bytes_update->bytes_in_use);
                                                                                                                                          ^
qs_1_0/src/accounting_element.cc:186:26: warning: code should be clang-formatted [-Wclang-format-violations]
            out->verbose(CALL_INFO, DEBUG, 0, "Bytes_in_use is higher than max_bytes! --> in_use = %dB, max_bytes = %dB\n", bytes_update->bytes_in_use, max_bytes);
                         ^
qs_1_0/src/accounting_element.cc:186:124: warning: code should be clang-formatted [-Wclang-format-violations]
            out->verbose(CALL_INFO, DEBUG, 0, "Bytes_in_use is higher than max_bytes! --> in_use = %dB, max_bytes = %dB\n", bytes_update->bytes_in_use, max_bytes);
                                                                                                                           ^

qs_1_0/src/egress_update.cc:72:18: warning: code should be clang-formatted [-Wclang-format-violations]
    out->verbose(CALL_INFO, INFO, 0, "Packet update event received for packet with pkt_id = %u that is leaving egress_port[%d]. Passing transaction to packet_buffer.\n", pkt->pkt_id, pkt->dest_port);
                 ^
qs_1_0/src/egress_update.cc:72:37: warning: code should be clang-formatted [-Wclang-format-violations]
    out->verbose(CALL_INFO, INFO, 0, "Packet update event received for packet with pkt_id = %u that is leaving egress_port[%d]. Passing transaction to packet_buffer.\n", pkt->pkt_id, pkt->dest_port);
                                    ^
qs_1_0/src/egress_update.cc:72:149: warning: code should be clang-formatted [-Wclang-format-violations]
    out->verbose(CALL_INFO, INFO, 0, "Packet update event received for packet with pkt_id = %u that is leaving egress_port[%d]. Passing transaction to packet_buffer.\n", pkt->pkt_id, pkt->dest_port);
                                                                                                                                                    ^
qs_1_0/src/egress_update.cc:72:170: warning: code should be clang-formatted [-Wclang-format-violations]
    out->verbose(CALL_INFO, INFO, 0, "Packet update event received for packet with pkt_id = %u that is leaving egress_port[%d]. Passing transaction to packet_buffer.\n", pkt->pkt_id, pkt->dest_port);
                                                                                                                                                                         ^
qs_1_0/src/egress_update.cc:72:200: warning: code should be clang-formatted [-Wclang-format-violations]
    out->verbose(CALL_INFO, INFO, 0, "Packet update event received for packet with pkt_id = %u that is leaving egress_port[%d]. Passing transaction to packet_buffer.\n", pkt->pkt_id, pkt->dest_port);
                                                                                                                                                                                                       ^

qs_1_0/src/bytes_updater.cc:120:104: warning: code should be clang-formatted [-Wclang-format-violations]
    accouting_elements[map_index] = lists->create<ElementConnector>(index, ComponentInfo::SHARE_STATS);
                                                                                                       ^
qs_1_0/src/bytes_updater.cc:122:18: warning: code should be clang-formatted [-Wclang-format-violations]
    out->verbose(CALL_INFO, MODERATE, 0, "Created a new subcomponent 'element_connector' to communicate with %s%d.\n", comp_name.c_str(), index);
                 ^
qs_1_0/src/bytes_updater.cc:122:119: warning: code should be clang-formatted [-Wclang-format-violations]
    out->verbose(CALL_INFO, MODERATE, 0, "Created a new subcomponent 'element_connector' to communicate with %s%d.\n", comp_name.c_str(), index);
                                                                                                                      ^
qs_1_0/src/bytes_updater.cc:138:22: warning: code should be clang-formatted [-Wclang-format-violations]
        out->verbose(CALL_INFO, DEBUG, 0, "Received BytesUseEvent with bytes in use = %dB.\n", bytes_in_use->bytes_in_use);
                     ^

qs_1_0/src/wred.cc:436:22: warning: code should be clang-formatted [-Wclang-format-violations]
        out->verbose(CALL_INFO, DEBUG, 0, "The QG probability %f is higher than MG probability %f for pkt %u\n",
                     ^
qs_1_0/src/wred.cc:436:113: warning: code should be clang-formatted [-Wclang-format-violations]
        out->verbose(CALL_INFO, DEBUG, 0, "The QG probability %f is higher than MG probability %f for pkt %u\n",
                                                                                                                ^
qs_1_0/src/wred.cc:437:21: warning: code should be clang-formatted [-Wclang-format-violations]
            qg_prob, mg_prob, pkt_util->pkt_id);
                    ^
qs_1_0/src/wred.cc:441:22: warning: code should be clang-formatted [-Wclang-format-violations]
        out->verbose(CALL_INFO, DEBUG, 0, "The PQ probability %f is higher than QG probability %f for pkt %u\n",
                     ^
qs_1_0/src/wred.cc:441:113: warning: code should be clang-formatted [-Wclang-format-violations]
        out->verbose(CALL_INFO, DEBUG, 0, "The PQ probability %f is higher than QG probability %f for pkt %u\n",
                                                                                                                ^
qs_1_0/src/wred.cc:442:21: warning: code should be clang-formatted [-Wclang-format-violations]
            pq_prob, qg_prob, pkt_util->pkt_id);
                    ^
qs_1_0/src/wred.cc:445:18: warning: code should be clang-formatted [-Wclang-format-violations]
    out->verbose(CALL_INFO, DEBUG, 0, "The highest probability between MG, QG and PQ for pkt %u is: %f\n", pkt_util->pkt_id,
                 ^

qs_1_0/src/dualq_packet_classifier.cc:182:28: warning: code should be clang-formatted [-Wclang-format-violations]
        safe_lock.unlock();
                           ^
qs_1_0/src/dualq_packet_classifier.cc:184:22: warning: code should be clang-formatted [-Wclang-format-violations]
        out->verbose(CALL_INFO, DEBUG, 0, "Received Memory Group utilization update: element_index=%d, utilization=%d\n", util->element_index, util->utilization);
                     ^
qs_1_0/src/dualq_packet_classifier.cc:184:122: warning: code should be clang-formatted [-Wclang-format-violations]
        out->verbose(CALL_INFO, DEBUG, 0, "Received Memory Group utilization update: element_index=%d, utilization=%d\n", util->element_index, util->utilization);
                                                                                                                         ^
qs_1_0/src/dualq_packet_classifier.cc:184:163: warning: code should be clang-formatted [-Wclang-format-violations]
        out->verbose(CALL_INFO, DEBUG, 0, "Received Memory Group utilization update: element_index=%d, utilization=%d\n", util->element_index, util->utilization);
                                                                                                                                                                  ^
qs_1_0/src/dualq_packet_classifier.cc:208:22: warning: code should be clang-formatted [-Wclang-format-violations]
        out->verbose(CALL_INFO, DEBUG, 0, "Received Queue Group utilization update: element_index=%d, utilization=%d\n", util->element_index, util->utilization);
                     ^
qs_1_0/src/dualq_packet_classifier.cc:208:121: warning: code should be clang-formatted [-Wclang-format-violations]
        out->verbose(CALL_INFO, DEBUG, 0, "Received Queue Group utilization update: element_index=%d, utilization=%d\n", util->element_index, util->utilization);
                                                                                                                        ^
qs_1_0/src/dualq_packet_classifier.cc:231:22: warning: code should be clang-formatted [-Wclang-format-violations]
        out->verbose(CALL_INFO, DEBUG, 0, "Updated pq_table with utilization value %d at index %d\n", util->utilization, util->element_index);
                     ^
qs_1_0/src/dualq_packet_classifier.cc:231:121: warning: code should be clang-formatted [-Wclang-format-violations]
        out->verbose(CALL_INFO, DEBUG, 0, "Updated pq_table with utilization value %d at index %d\n", util->utilization, util->element_index);
                                                                                                                        ^
qs_1_0/src/dualq_packet_classifier.cc:231:143: warning: code should be clang-formatted [-Wclang-format-violations]
        out->verbose(CALL_INFO, DEBUG, 0, "Updated pq_table with utilization value %d at index %d\n", util->utilization, util->element_index);
                                                                                                                                              ^
qs_1_0/src/dualq_packet_classifier.cc:255:22: warning: code should be clang-formatted [-Wclang-format-violations]
        out->verbose(CALL_INFO, DEBUG, 0, "Updated lq_table with utilization value %d at index %d\n", util->utilization, util->element_index);
                     ^
qs_1_0/src/dualq_packet_classifier.cc:255:121: warning: code should be clang-formatted [-Wclang-format-violations]
        out->verbose(CALL_INFO, DEBUG, 0, "Updated lq_table with utilization value %d at index %d\n", util->utilization, util->element_index);
                                                                                                                        ^
qs_1_0/src/dualq_packet_classifier.cc:283:18: warning: code should be clang-formatted [-Wclang-format-violations]
    out->verbose(CALL_INFO, DEBUG, 0, "Getting utilization for packet with destination port: %d and priority: %d\n", dest_port, priority);
                 ^
qs_1_0/src/dualq_packet_classifier.cc:283:128: warning: code should be clang-formatted [-Wclang-format-violations]
    out->verbose(CALL_INFO, DEBUG, 0, "Getting utilization for packet with destination port: %d and priority: %d\n", dest_port, priority);
                                                                                                                               ^

qs_1_0/src/ingress_port.cc:98:30: warning: code should be clang-formatted [-Wclang-format-violations]
                out->verbose(CALL_INFO, INFO, 0,"Received initial packet from traffic_generator and added it to the queue. Queue size: %d, packet id: %u, destination port: %d, priority: %d\n", packets_to_send.size(), pkt->pkt_id, pkt->dest_port, pkt->priority);
                             ^
qs_1_0/src/ingress_port.cc:98:49: warning: code should be clang-formatted [-Wclang-format-violations]
                out->verbose(CALL_INFO, INFO, 0,"Received initial packet from traffic_generator and added it to the queue. Queue size: %d, packet id: %u, destination port: %d, priority: %d\n", packets_to_send.size(), pkt->pkt_id, pkt->dest_port, pkt->priority);
                                                ^
qs_1_0/src/ingress_port.cc:98:147: warning: code should be clang-formatted [-Wclang-format-violations]
                out->verbose(CALL_INFO, INFO, 0,"Received initial packet from traffic_generator and added it to the queue. Queue size: %d, packet id: %u, destination port: %d, priority: %d\n", packets_to_send.size(), pkt->pkt_id, pkt->dest_port, pkt->priority);
                                                                                                                                                  ^
qs_1_0/src/ingress_port.cc:98:193: warning: code should be clang-formatted [-Wclang-format-violations]
                out->verbose(CALL_INFO, INFO, 0,"Received initial packet from traffic_generator and added it to the queue. Queue size: %d, packet id: %u, destination port: %d, priority: %d\n", packets_to_send.size(), pkt->pkt_id, pkt->dest_port, pkt->priority);
                                                                                                                                                                                                ^
qs_1_0/src/ingress_port.cc:118:22: warning: code should be clang-formatted [-Wclang-format-violations]
        out->verbose(CALL_INFO, INFO, 0,"Pulling init packet from queue to send it to acceptance_checker, current size of queue: %d, pkt_id: %u\n", packets_to_send.size(), pkt->pkt_id);
                     ^
qs_1_0/src/ingress_port.cc:118:41: warning: code should be clang-formatted [-Wclang-format-violations]
        out->verbose(CALL_INFO, INFO, 0,"Pulling init packet from queue to send it to acceptance_checker, current size of queue: %d, pkt_id: %u\n", packets_to_send.size(), pkt->pkt_id);
                                        ^
qs_1_0/src/ingress_port.cc:118:148: warning: code should be clang-formatted [-Wclang-format-violations]
        out->verbose(CALL_INFO, INFO, 0,"Pulling init packet from queue to send it to acceptance_checker, current size of queue: %d, pkt_id: %u\n", packets_to_send.size(), pkt->pkt_id);
                                                                                                                                                   ^
qs_1_0/src/ingress_port.cc:125:22: warning: code should be clang-formatted [-Wclang-format-violations]
        out->verbose(CALL_INFO, MODERATE, 0,"Waiting delay time to send init pkt to acceptance_checker, delay time = %d ps, pkt_id = %u\n",start_delay + send_delay, pkt->pkt_id);
                     ^
qs_1_0/src/ingress_port.cc:125:45: warning: code should be clang-formatted [-Wclang-format-violations]
        out->verbose(CALL_INFO, MODERATE, 0,"Waiting delay time to send init pkt to acceptance_checker, delay time = %d ps, pkt_id = %u\n",start_delay + send_delay, pkt->pkt_id);
                                            ^
qs_1_0/src/ingress_port.cc:125:140: warning: code should be clang-formatted [-Wclang-format-violations]
        out->verbose(CALL_INFO, MODERATE, 0,"Waiting delay time to send init pkt to acceptance_checker, delay time = %d ps, pkt_id = %u\n",start_delay + send_delay, pkt->pkt_id);
                                                                                                                                           ^
qs_1_0/src/ingress_port.cc:132:22: warning: code should be clang-formatted [-Wclang-format-violations]
        out->verbose(CALL_INFO, INFO, 0, "ingress_port[%d][%d] requesting a new pkt to traffic_generator\n", node, port);
                     ^
qs_1_0/src/ingress_port.cc:155:18: warning: code should be clang-formatted [-Wclang-format-violations]
    out->verbose(CALL_INFO, INFO, 0,"Sending %spacket to acceptance_checker: pkt_id = %u, dest node= %d, dest port = %d, size = %d, priority = %d\n", last_pkt.c_str(), pkt->pkt_id, pkt->dest_node, pkt->dest_port, pkt->pkt_size, pkt->priority);
                 ^
qs_1_0/src/ingress_port.cc:155:37: warning: code should be clang-formatted [-Wclang-format-violations]
    out->verbose(CALL_INFO, INFO, 0,"Sending %spacket to acceptance_checker: pkt_id = %u, dest node= %d, dest port = %d, size = %d, priority = %d\n", last_pkt.c_str(), pkt->pkt_id, pkt->dest_node, pkt->dest_port, pkt->pkt_size, pkt->priority);
                                    ^
qs_1_0/src/ingress_port.cc:155:144: warning: code should be clang-formatted [-Wclang-format-violations]
    out->verbose(CALL_INFO, INFO, 0,"Sending %spacket to acceptance_checker: pkt_id = %u, dest node= %d, dest port = %d, size = %d, priority = %d\n", last_pkt.c_str(), pkt->pkt_id, pkt->dest_node, pkt->dest_port, pkt->pkt_size, pkt->priority);
                                                                                                                                               ^
qs_1_0/src/ingress_port.cc:155:150: warning: code should be clang-formatted [-Wclang-format-violations]
    out->verbose(CALL_INFO, INFO, 0,"Sending %spacket to acceptance_checker: pkt_id = %u, dest node= %d, dest port = %d, size = %d, priority = %d\n", last_pkt.c_str(), pkt->pkt_id, pkt->dest_node, pkt->dest_port, pkt->pkt_size, pkt->priority);
                                                                                                                                                     ^
qs_1_0/src/ingress_port.cc:161:31: warning: code should be clang-formatted [-Wclang-format-violations]
        packets_to_send.pop();
                              ^
qs_1_0/src/ingress_port.cc:163:22: warning: code should be clang-formatted [-Wclang-format-violations]
        out->verbose(CALL_INFO, MODERATE, 0, "Pulling packet from queue to send it to acceptance_checker, current size of queue: %d, pkt_id: %u\n", packets_to_send.size(), pkt_to_send->pkt_id);
                     ^
qs_1_0/src/ingress_port.cc:163:45: warning: code should be clang-formatted [-Wclang-format-violations]
        out->verbose(CALL_INFO, MODERATE, 0, "Pulling packet from queue to send it to acceptance_checker, current size of queue: %d, pkt_id: %u\n", packets_to_send.size(), pkt_to_send->pkt_id);
                                            ^
qs_1_0/src/ingress_port.cc:163:148: warning: code should be clang-formatted [-Wclang-format-violations]
        out->verbose(CALL_INFO, MODERATE, 0, "Pulling packet from queue to send it to acceptance_checker, current size of queue: %d, pkt_id: %u\n", packets_to_send.size(), pkt_to_send->pkt_id);
                                                                                                                                                   ^
qs_1_0/src/ingress_port.cc:170:22: warning: code should be clang-formatted [-Wclang-format-violations]
        out->verbose(CALL_INFO, MODERATE, 0, "Waiting delay time to send pkt to acceptance_checker, delay time = %d ps, pkt_id = %u\n", send_delay, pkt_to_send->pkt_id);
                     ^
qs_1_0/src/ingress_port.cc:170:45: warning: code should be clang-formatted [-Wclang-format-violations]
        out->verbose(CALL_INFO, MODERATE, 0, "Waiting delay time to send pkt to acceptance_checker, delay time = %d ps, pkt_id = %u\n", send_delay, pkt_to_send->pkt_id);
                                            ^
qs_1_0/src/ingress_port.cc:170:148: warning: code should be clang-formatted [-Wclang-format-violations]
        out->verbose(CALL_INFO, MODERATE, 0, "Waiting delay time to send pkt to acceptance_checker, delay time = %d ps, pkt_id = %u\n", send_delay, pkt_to_send->pkt_id);
                                                                                                                                                   ^
qs_1_0/src/ingress_port.cc:180:22: warning: code should be clang-formatted [-Wclang-format-violations]
        out->verbose(CALL_INFO, INFO, 0, "ingress_port[%d][%d] requesting a new pkt to traffic_generator\n", node, port);
                     ^
qs_1_0/src/ingress_port.cc:206:39: warning: code should be clang-formatted [-Wclang-format-violations]
            packets_to_send.push(pkt);
                                      ^
qs_1_0/src/ingress_port.cc:208:26: warning: code should be clang-formatted [-Wclang-format-violations]
            out->verbose(CALL_INFO, INFO, 0,"Received a new packet from the traffic generator: Packet ID = %u, Packet Size = %d bytes, Destination Port = %d, Priority = %d\n", pkt->pkt_id, pkt->pkt_size, pkt->dest_port, pkt->priority);
                         ^
qs_1_0/src/ingress_port.cc:208:45: warning: code should be clang-formatted [-Wclang-format-violations]
            out->verbose(CALL_INFO, INFO, 0,"Received a new packet from the traffic generator: Packet ID = %u, Packet Size = %d bytes, Destination Port = %d, Priority = %d\n", pkt->pkt_id, pkt->pkt_size, pkt->dest_port, pkt->priority);
                                            ^
qs_1_0/src/ingress_port.cc:208:148: warning: code should be clang-formatted [-Wclang-format-violations]
            out->verbose(CALL_INFO, INFO, 0,"Received a new packet from the traffic generator: Packet ID = %u, Packet Size = %d bytes, Destination Port = %d, Priority = %d\n", pkt->pkt_id, pkt->pkt_size, pkt->dest_port, pkt->priority);
                                                                                                                                                   ^
qs_1_0/src/ingress_port.cc:208:176: warning: code should be clang-formatted [-Wclang-format-violations]
            out->verbose(CALL_INFO, INFO, 0,"Received a new packet from the traffic generator: Packet ID = %u, Packet Size = %d bytes, Destination Port = %d, Priority = %d\n", pkt->pkt_id, pkt->pkt_size, pkt->dest_port, pkt->priority);
                                                                                                                                                                               ^
qs_1_0/src/ingress_port.cc:208:236: warning: code should be clang-formatted [-Wclang-format-violations]
            out->verbose(CALL_INFO, INFO, 0,"Received a new packet from the traffic generator: Packet ID = %u, Packet Size = %d bytes, Destination Port = %d, Priority = %d\n", pkt->pkt_id, pkt->pkt_size, pkt->dest_port, pkt->priority);
                                                                                                                                                                                                                                           ^
qs_1_0/src/ingress_port.cc:210:26: warning: code should be clang-formatted [-Wclang-format-violations]
            out->verbose(CALL_INFO, INFO, 0,"The packet was added to the send queue. The current queue size is %d\n", packets_to_send.size());
                         ^
qs_1_0/src/ingress_port.cc:210:45: warning: code should be clang-formatted [-Wclang-format-violations]
            out->verbose(CALL_INFO, INFO, 0,"The packet was added to the send queue. The current queue size is %d\n", packets_to_send.size());
                                            ^
qs_1_0/src/ingress_port.cc:210:118: warning: code should be clang-formatted [-Wclang-format-violations]
            out->verbose(CALL_INFO, INFO, 0,"The packet was added to the send queue. The current queue size is %d\n", packets_to_send.size());
                                                                                                                     ^

qs_1_0/src/bytes_tracker.cc:117:18: warning: code should be clang-formatted [-Wclang-format-violations]
    out->verbose(CALL_INFO, DEBUG, 0, "Getting mg_index for packet with destination port %d and priority %d\n", pq_index.index_s.port, pq_index.index_s.priority);
                 ^
qs_1_0/src/bytes_tracker.cc:117:112: warning: code should be clang-formatted [-Wclang-format-violations]
    out->verbose(CALL_INFO, DEBUG, 0, "Getting mg_index for packet with destination port %d and priority %d\n", pq_index.index_s.port, pq_index.index_s.priority);
                                                                                                               ^
qs_1_0/src/bytes_tracker.cc:134:56: warning: code should be clang-formatted [-Wclang-format-violations]
        str_control += "transmitted pkt (subtracting)";
                                                       ^
qs_1_0/src/bytes_tracker.cc:161:22: warning: code should be clang-formatted [-Wclang-format-violations]
        out->verbose(CALL_INFO, DEBUG, 0, "Packet size of %d bytes added to mg_util_bytes[%d].\n", pkt->pkt_size, mg_index);
                     ^
qs_1_0/src/bytes_tracker.cc:162:118: warning: code should be clang-formatted [-Wclang-format-violations]
        out->verbose(CALL_INFO, DEBUG, 0, "mg_util_bytes[%d] is now %d bytes.\n", mg_index, mg_util_bytes[mg_index]);
                                                                                                                     ^
qs_1_0/src/bytes_tracker.cc:168:22: warning: code should be clang-formatted [-Wclang-format-violations]
        out->verbose(CALL_INFO, DEBUG, 0, "Packet size of %d bytes subtracted from mg_util_bytes[%d].\n", pkt->pkt_size, mg_index);
                     ^
qs_1_0/src/bytes_tracker.cc:168:121: warning: code should be clang-formatted [-Wclang-format-violations]
        out->verbose(CALL_INFO, DEBUG, 0, "Packet size of %d bytes subtracted from mg_util_bytes[%d].\n", pkt->pkt_size, mg_index);
                                                                                                                        ^
qs_1_0/src/bytes_tracker.cc:191:22: warning: code should be clang-formatted [-Wclang-format-violations]
        out->verbose(CALL_INFO, DEBUG, 0, "Added packet size of %d bytes to qg_util_bytes[%d].\n", pkt->pkt_size, qg_index);
                     ^
qs_1_0/src/bytes_tracker.cc:197:22: warning: code should be clang-formatted [-Wclang-format-violations]
        out->verbose(CALL_INFO, DEBUG, 0, "Subtracted packet size of %d bytes from qg_util_bytes[%d].\n", pkt->pkt_size, qg_index);
                     ^
qs_1_0/src/bytes_tracker.cc:197:121: warning: code should be clang-formatted [-Wclang-format-violations]
        out->verbose(CALL_INFO, DEBUG, 0, "Subtracted packet size of %d bytes from qg_util_bytes[%d].\n", pkt->pkt_size, qg_index);
                                                                                                                        ^

qs_1_0/src/host_ingress_port.cc:72:22: warning: code should be clang-formatted [-Wclang-format-violations]
        out->verbose(CALL_INFO, INFO, 0,"Received new packet on ingress port: pkt_id=%u, size=%dB, destination_port=%d, priority=%d\n", pkt->pkt_id, pkt->pkt_size, pkt->dest_port, pkt->priority);
                     ^
qs_1_0/src/host_ingress_port.cc:72:41: warning: code should be clang-formatted [-Wclang-format-violations]
        out->verbose(CALL_INFO, INFO, 0,"Received new packet on ingress port: pkt_id=%u, size=%dB, destination_port=%d, priority=%d\n", pkt->pkt_id, pkt->pkt_size, pkt->dest_port, pkt->priority);
                                        ^
qs_1_0/src/host_ingress_port.cc:72:149: warning: code should be clang-formatted [-Wclang-format-violations]
        out->verbose(CALL_INFO, INFO, 0,"Received new packet on ingress port: pkt_id=%u, size=%dB, destination_port=%d, priority=%d\n", pkt->pkt_id, pkt->pkt_size, pkt->dest_port, pkt->priority);
                                                                                                                                                    ^
qs_1_0/src/host_ingress_port.cc:72:196: warning: code should be clang-formatted [-Wclang-format-violations]
        out->verbose(CALL_INFO, INFO, 0,"Received new packet on ingress port: pkt_id=%u, size=%dB, destination_port=%d, priority=%d\n", pkt->pkt_id, pkt->pkt_size, pkt->dest_port, pkt->priority);
                                                                                                                                                                                                   ^
qs_1_0/src/host_ingress_port.cc:82:22: warning: code should be clang-formatted [-Wclang-format-violations]
        out->verbose(CALL_INFO, INFO, 0,"Sending packet to acceptance checker, pkt_id=%u, size=%dB, destination=%d, priority=%d\n", pkt->pkt_id, pkt->pkt_size, pkt->dest_port, pkt->priority);
                     ^
qs_1_0/src/host_ingress_port.cc:82:41: warning: code should be clang-formatted [-Wclang-format-violations]
        out->verbose(CALL_INFO, INFO, 0,"Sending packet to acceptance checker, pkt_id=%u, size=%dB, destination=%d, priority=%d\n", pkt->pkt_id, pkt->pkt_size, pkt->dest_port, pkt->priority);
                                        ^
qs_1_0/src/host_ingress_port.cc:82:145: warning: code should be clang-formatted [-Wclang-format-violations]
        out->verbose(CALL_INFO, INFO, 0,"Sending packet to acceptance checker, pkt_id=%u, size=%dB, destination=%d, priority=%d\n", pkt->pkt_id, pkt->pkt_size, pkt->dest_port, pkt->priority);
                                                                                                                                                ^
qs_1_0/src/host_ingress_port.cc:82:192: warning: code should be clang-formatted [-Wclang-format-violations]
        out->verbose(CALL_INFO, INFO, 0,"Sending packet to acceptance checker, pkt_id=%u, size=%dB, destination=%d, priority=%d\n", pkt->pkt_id, pkt->pkt_size, pkt->dest_port, pkt->priority);
                                                                                                                                                                                               ^

qs_1_0/src/egress_port.cc:113:18: warning: code should be clang-formatted [-Wclang-format-violations]
    out->verbose(CALL_INFO, INFO, 0,
                 ^
qs_1_0/src/egress_port.cc:113:37: warning: code should be clang-formatted [-Wclang-format-violations]
    out->verbose(CALL_INFO, INFO, 0,
                                    ^
qs_1_0/src/egress_port.cc:114:124: warning: code should be clang-formatted [-Wclang-format-violations]
                 "Sending packet out of the system: pkt_id = %u, size = %dB, destination node = %d, destination port = %d, priority = %d\n", pkt->pkt_id, pkt->pkt_size, pkt->dest_node, pkt->dest_port, pkt->priority);
                                                                                                                           ^
qs_1_0/src/egress_port.cc:114:141: warning: code should be clang-formatted [-Wclang-format-violations]
                 "Sending packet out of the system: pkt_id = %u, size = %dB, destination node = %d, destination port = %d, priority = %d\n", pkt->pkt_id, pkt->pkt_size, pkt->dest_node, pkt->dest_port, pkt->priority);
                                                                                                                                            ^
qs_1_0/src/egress_port.cc:121:39: warning: code should be clang-formatted [-Wclang-format-violations]
    packet_buffer->send(pkt->clone());
                                      ^
qs_1_0/src/egress_port.cc:123:18: warning: code should be clang-formatted [-Wclang-format-violations]
    out->verbose(CALL_INFO, MODERATE, 0, "Packet sent: pkt_id = %u, size = %dB, destination node = %d, destination port = %d, priority = %d\n", pkt->pkt_id, pkt->pkt_size, pkt->dest_node, pkt->dest_port, pkt->priority);
                 ^
qs_1_0/src/egress_port.cc:123:41: warning: code should be clang-formatted [-Wclang-format-violations]
    out->verbose(CALL_INFO, MODERATE, 0, "Packet sent: pkt_id = %u, size = %dB, destination node = %d, destination port = %d, priority = %d\n", pkt->pkt_id, pkt->pkt_size, pkt->dest_node, pkt->dest_port, pkt->priority);
                                        ^
qs_1_0/src/egress_port.cc:123:144: warning: code should be clang-formatted [-Wclang-format-violations]
    out->verbose(CALL_INFO, MODERATE, 0, "Packet sent: pkt_id = %u, size = %dB, destination node = %d, destination port = %d, priority = %d\n", pkt->pkt_id, pkt->pkt_size, pkt->dest_node, pkt->dest_port, pkt->priority);
                                                                                                                                               ^
qs_1_0/src/egress_port.cc:146:36: warning: code should be clang-formatted [-Wclang-format-violations]
                CALL_INFO, INFO, 0, "New packet received from the scheduler: pkt_id = %u, size = %dB, destination node = %d, destination port = %d, priority = %d.\n", pkt->pkt_id, pkt->pkt_size, pkt->dest_node, pkt->dest_port, pkt->priority);
                                   ^
qs_1_0/src/egress_port.cc:146:138: warning: code should be clang-formatted [-Wclang-format-violations]
                CALL_INFO, INFO, 0, "New packet received from the scheduler: pkt_id = %u, size = %dB, destination node = %d, destination port = %d, priority = %d.\n", pkt->pkt_id, pkt->pkt_size, pkt->dest_node, pkt->dest_port, pkt->priority);
                                                                                                                                         ^
qs_1_0/src/egress_port.cc:146:167: warning: code should be clang-formatted [-Wclang-format-violations]
                CALL_INFO, INFO, 0, "New packet received from the scheduler: pkt_id = %u, size = %dB, destination node = %d, destination port = %d, priority = %d.\n", pkt->pkt_id, pkt->pkt_size, pkt->dest_node, pkt->dest_port, pkt->priority);
                                                                                                                                                                      ^
qs_1_0/src/egress_port.cc:146:243: warning: code should be clang-formatted [-Wclang-format-violations]
                CALL_INFO, INFO, 0, "New packet received from the scheduler: pkt_id = %u, size = %dB, destination node = %d, destination port = %d, priority = %d.\n", pkt->pkt_id, pkt->pkt_size, pkt->dest_node, pkt->dest_port, pkt->priority);
                                                                                                                                                                                                                                                  ^

qs_1_0/src/port_fifo.cc:73:34: warning: code should be clang-formatted [-Wclang-format-violations]
                    out->verbose(CALL_INFO, MODERATE, 0, "Created dualQ priority queue for port_fifo[%d], priority = %d\n", port, i);
                                 ^
qs_1_0/src/port_fifo.cc:73:130: warning: code should be clang-formatted [-Wclang-format-violations]
                    out->verbose(CALL_INFO, MODERATE, 0, "Created dualQ priority queue for port_fifo[%d], priority = %d\n", port, i);
                                                                                                                                 ^
qs_1_0/src/port_fifo.cc:76:34: warning: code should be clang-formatted [-Wclang-format-violations]
                    out->verbose(CALL_INFO, MODERATE, 0, "Created priority queue for port_fifo[%d], priority = %d\n", port, i);
                                 ^
qs_1_0/src/port_fifo.cc:103:22: warning: code should be clang-formatted [-Wclang-format-violations]
        out->verbose(CALL_INFO, MODERATE, 0, "Queue status: queue %d is %s\n", i, queue_update->queues_not_empty[i] ? "not empty" : "empty");
                     ^
qs_1_0/src/port_fifo.cc:103:82: warning: code should be clang-formatted [-Wclang-format-violations]
        out->verbose(CALL_INFO, MODERATE, 0, "Queue status: queue %d is %s\n", i, queue_update->queues_not_empty[i] ? "not empty" : "empty");
                                                                                 ^
qs_1_0/src/port_fifo.cc:107:41: warning: code should be clang-formatted [-Wclang-format-violations]
    packet_selector->send(queue_update);
                                        ^
qs_1_0/src/port_fifo.cc:126:22: warning: code should be clang-formatted [-Wclang-format-violations]
        out->verbose(CALL_INFO, INFO, 0, "Packet %u (size: %dB) was accepted on port_fifo %d, src_port: %d, dest_port: %d, priority: %d\n", pkt->pkt_id, pkt->pkt_size, port, pkt->src_port, pkt->dest_port, pkt->priority);
                     ^
qs_1_0/src/port_fifo.cc:126:41: warning: code should be clang-formatted [-Wclang-format-violations]
        out->verbose(CALL_INFO, INFO, 0, "Packet %u (size: %dB) was accepted on port_fifo %d, src_port: %d, dest_port: %d, priority: %d\n", pkt->pkt_id, pkt->pkt_size, port, pkt->src_port, pkt->dest_port, pkt->priority);
                                        ^
qs_1_0/src/port_fifo.cc:126:140: warning: code should be clang-formatted [-Wclang-format-violations]
        out->verbose(CALL_INFO, INFO, 0, "Packet %u (size: %dB) was accepted on port_fifo %d, src_port: %d, dest_port: %d, priority: %d\n", pkt->pkt_id, pkt->pkt_size, port, pkt->src_port, pkt->dest_port, pkt->priority);
                                                                                                                                           ^
qs_1_0/src/port_fifo.cc:126:221: warning: code should be clang-formatted [-Wclang-format-violations]
        out->verbose(CALL_INFO, INFO, 0, "Packet %u (size: %dB) was accepted on port_fifo %d, src_port: %d, dest_port: %d, priority: %d\n", pkt->pkt_id, pkt->pkt_size, port, pkt->src_port, pkt->dest_port, pkt->priority);
                                                                                                                                                                                                                            ^
qs_1_0/src/port_fifo.cc:132:26: warning: code should be clang-formatted [-Wclang-format-violations]
            out->verbose(CALL_INFO, INFO, 0, "Packet %u was enqueued in priority queue %d\n", pkt->pkt_id, pkt->priority);
                         ^
qs_1_0/src/port_fifo.cc:137:26: warning: code should be clang-formatted [-Wclang-format-violations]
            out->verbose(CALL_INFO, INFO, 0, "Packet %u was enqueued in the highest priority queue (%d)\n", pkt->pkt_id, num_queues - 1);
                         ^
qs_1_0/src/port_fifo.cc:137:121: warning: code should be clang-formatted [-Wclang-format-violations]
            out->verbose(CALL_INFO, INFO, 0, "Packet %u was enqueued in the highest priority queue (%d)\n", pkt->pkt_id, num_queues - 1);
                                                                                                                        ^

qs_1_0/src/dualq_global_pool_util.cc:59:22: warning: code should be clang-formatted [-Wclang-format-violations]
        out->verbose(CALL_INFO, DEBUG, 0, "Updating Memory Groups, Queue Groups and Logical Groups with new utilization value.\n");
                     ^
qs_1_0/src/dualq_global_pool_util.cc:59:42: warning: code should be clang-formatted [-Wclang-format-violations]
        out->verbose(CALL_INFO, DEBUG, 0, "Updating Memory Groups, Queue Groups and Logical Groups with new utilization value.\n");
                                         ^

qs_1_0/src/packet_buffer.cc:120:82: warning: code should be clang-formatted [-Wclang-format-violations]
    out->verbose(CALL_INFO, DEBUG, 0, "Packet releases %d blocks\n", pkt_blocks);
                                                                                 ^
qs_1_0/src/packet_buffer.cc:147:18: warning: code should be clang-formatted [-Wclang-format-violations]
    out->verbose(CALL_INFO, INFO, 0, "Sending information about available blocks to buffer_manager: current_avail_blocks = %d blocks\n", current_avail_blocks);
                 ^
qs_1_0/src/packet_buffer.cc:147:37: warning: code should be clang-formatted [-Wclang-format-violations]
    out->verbose(CALL_INFO, INFO, 0, "Sending information about available blocks to buffer_manager: current_avail_blocks = %d blocks\n", current_avail_blocks);
                                    ^
qs_1_0/src/packet_buffer.cc:147:137: warning: code should be clang-formatted [-Wclang-format-violations]
    out->verbose(CALL_INFO, INFO, 0, "Sending information about available blocks to buffer_manager: current_avail_blocks = %d blocks\n", current_avail_blocks);
                                                                                                                                        ^
qs_1_0/src/packet_buffer.cc:169:26: warning: code should be clang-formatted [-Wclang-format-violations]
        safe_lock.lock();
                         ^
qs_1_0/src/packet_buffer.cc:173:28: warning: code should be clang-formatted [-Wclang-format-violations]
            event->pkt_id);
                           ^

qs_1_0/src/dualq_l4s_wred.cc:178:18: warning: code should be clang-formatted [-Wclang-format-violations]
    out->verbose(CALL_INFO, DEBUG, 0, "Calculating drop probability for utilization %d with profile starting point %d and slope %f.\n", util, profile.starting_point, profile.slope);
                 ^
qs_1_0/src/dualq_l4s_wred.cc:178:38: warning: code should be clang-formatted [-Wclang-format-violations]
    out->verbose(CALL_INFO, DEBUG, 0, "Calculating drop probability for utilization %d with profile starting point %d and slope %f.\n", util, profile.starting_point, profile.slope);
                                     ^
qs_1_0/src/dualq_l4s_wred.cc:178:142: warning: code should be clang-formatted [-Wclang-format-violations]
    out->verbose(CALL_INFO, DEBUG, 0, "Calculating drop probability for utilization %d with profile starting point %d and slope %f.\n", util, profile.starting_point, profile.slope);
                                                                                                                                             ^

qs_1_0/src/scheduler.cc:90:6: warning: code should be clang-formatted [-Wclang-format-violations]
    }
     ^
qs_1_0/src/scheduler.cc:92:10: warning: code should be clang-formatted [-Wclang-format-violations]
     if (next_queue != -1) {
         ^
qs_1_0/src/scheduler.cc:92:26: warning: code should be clang-formatted [-Wclang-format-violations]
     if (next_queue != -1) {
                         ^
qs_1_0/src/scheduler.cc:94:6: warning: code should be clang-formatted [-Wclang-format-violations]
    } else {
     ^
qs_1_0/src/scheduler.cc:155:49: warning: code should be clang-formatted [-Wclang-format-violations]
        source_serviced->addData(pkt->src_port);
                                                ^
qs_1_0/src/scheduler.cc:159:115: warning: code should be clang-formatted [-Wclang-format-violations]
            CALL_INFO, INFO, 0, "Sending pkt with pkt_id = %u to egress_port[%d]\n", pkt->pkt_id, pkt->dest_port);
                                                                                                                  ^
qs_1_0/src/scheduler.cc:163:106: warning: code should be clang-formatted [-Wclang-format-violations]
        out->verbose(CALL_INFO, INFO, 0, "Sending pkt with pkt_id = %u to bytes_tracker\n", pkt->pkt_id);
                                                                                                         ^
qs_1_0/src/scheduler.cc:198:50: warning: code should be clang-formatted [-Wclang-format-violations]
            int next_queue = schedule_next_pkt();
                                                 ^

qs_1_0/src/dualq_strict_priority_scheduler.cc:82:94: warning: code should be clang-formatted [-Wclang-format-violations]
        out->verbose(CALL_INFO, MODERATE, 0, "Next packet to be sent is from the L queue\n");
                                                                                             ^
qs_1_0/src/dualq_strict_priority_scheduler.cc:90:107: warning: code should be clang-formatted [-Wclang-format-violations]
            out->verbose(CALL_INFO, MODERATE, 0, "Next packet to be sent is from queue %d\n", next_queue);
                                                                                                          ^
qs_1_0/src/dualq_strict_priority_scheduler.cc:101:3: warning: code should be clang-formatted [-Wclang-format-violations]
 * 
  ^
qs_1_0/src/dualq_strict_priority_scheduler.cc:137:72: warning: code should be clang-formatted [-Wclang-format-violations]
            pkt->pkt_id, pkt->pkt_size, pkt->dest_port, pkt->priority);
                                                                       ^
qs_1_0/src/dualq_strict_priority_scheduler.cc:149:91: warning: code should be clang-formatted [-Wclang-format-violations]
            out->verbose(CALL_INFO, INFO, 0, "Sending packet to classic bytes tracker\n");            
                                                                                          ^
qs_1_0/src/dualq_strict_priority_scheduler.cc:232:3: warning: code should be clang-formatted [-Wclang-format-violations]
 * 
  ^
qs_1_0/src/dualq_strict_priority_scheduler.cc:241:96: warning: code should be clang-formatted [-Wclang-format-violations]
        out->verbose(CALL_INFO, INFO, 0, "Scheduling next packet to be sent from L4S queue\n");
                                                                                               ^

